<?xml version="1.0" encoding="UTF-8"?>
<!-- Generated by org.testng.reporters.JUnitXMLReporter -->
<testsuite hostname="cmallikarju-a01.vmware.com" ignored="0" name="Default test" tests="3" failures="0" timestamp="2020-06-26T11:02:39 EDT" time="0.046" errors="0">
  <testcase name="Test1" time="0.007" classname="TestNGSessions.TestNGFeatures"/>
  <testcase name="Test2" time="0.001" classname="TestNGSessions.TestNGFeatures"/>
  <testcase name="Test3" time="0.002" classname="TestNGSessions.TestNGFeatures"/>
</testsuite> <!-- Default test -->
