<?xml version="1.0" encoding="UTF-8"?>
<testng-results skipped="0" failed="0" ignored="0" total="3" passed="3">
  <reporter-output>
  </reporter-output>
  <suite name="Default suite" duration-ms="46" started-at="2020-06-26T11:02:39 EDT" finished-at="2020-06-26T11:02:39 EDT">
    <groups>
      <group name="PrintLine">
        <method signature="TestNGFeatures.Test1()[pri:1, instance:TestNGSessions.TestNGFeatures@df27fae]" name="Test1" class="TestNGSessions.TestNGFeatures"/>
        <method signature="TestNGFeatures.Test2()[pri:1, instance:TestNGSessions.TestNGFeatures@df27fae]" name="Test2" class="TestNGSessions.TestNGFeatures"/>
        <method signature="TestNGFeatures.Test3()[pri:1, instance:TestNGSessions.TestNGFeatures@df27fae]" name="Test3" class="TestNGSessions.TestNGFeatures"/>
      </group> <!-- PrintLine -->
    </groups>
    <test name="Default test" duration-ms="46" started-at="2020-06-26T11:02:39 EDT" finished-at="2020-06-26T11:02:39 EDT">
      <class name="TestNGSessions.TestNGFeatures">
        <test-method status="PASS" signature="Test1()[pri:1, instance:TestNGSessions.TestNGFeatures@df27fae]" name="Test1" duration-ms="7" started-at="2020-06-26T11:02:39 EDT" finished-at="2020-06-26T11:02:39 EDT">
          <reporter-output>
          </reporter-output>
        </test-method> <!-- Test1 -->
        <test-method status="PASS" signature="Test2()[pri:1, instance:TestNGSessions.TestNGFeatures@df27fae]" name="Test2" duration-ms="1" started-at="2020-06-26T11:02:39 EDT" finished-at="2020-06-26T11:02:39 EDT">
          <reporter-output>
          </reporter-output>
        </test-method> <!-- Test2 -->
        <test-method status="PASS" signature="Test3()[pri:1, instance:TestNGSessions.TestNGFeatures@df27fae]" name="Test3" duration-ms="2" started-at="2020-06-26T11:02:39 EDT" finished-at="2020-06-26T11:02:39 EDT">
          <reporter-output>
          </reporter-output>
        </test-method> <!-- Test3 -->
      </class> <!-- TestNGSessions.TestNGFeatures -->
    </test> <!-- Default test -->
  </suite> <!-- Default suite -->
</testng-results>
